2017-1-21 20:32:07 [INFO] Loading nukkit.yml...
2017-1-21 20:32:07 [INFO] Loading server properties...
2017-1-21 20:32:07 [INFO] 将 中文(简体) (chs) 设定为基本语言
2017-1-21 20:32:07 [INFO] 正在启动支持 Minecraft: PE v1.0.0 版本的服务器
2017-1-21 20:32:07 [INFO] 正在启动服务器在 0.0.0.0:19132
2017-1-21 20:32:07 [INFO] 此服务器正在运行 Nukkit 1.0dev 版本 "蘋果(Apple)派(Pie)" (API 1.0.0)
2017-1-21 20:32:07 [INFO] Nukkit 根据 LGPL 许可发行
2017-1-21 20:32:08 [INFO] 读取中... Mr_Chat v1.0.0
2017-1-21 20:32:08 [INFO] 读取中... Login v1.0.0
2017-1-21 20:32:08 [INFO] 开启中... Login v1.0.0
2017-1-21 20:32:08 [INFO] 准备地图中... "world"
2017-1-21 20:32:08 [INFO] 开启中... Mr_Chat v1.0.0
2017-1-21 20:32:08 [INFO] 插件正在加载，作者Mr_sky，贴吧ID贱哥啊哈哈
2017-1-21 20:32:08 [INFO] 启动 GS4 状态监听器
2017-1-21 20:32:08 [INFO] 将 Query 端口设定为 19132
2017-1-21 20:32:08 [INFO] Query 运行在 0.0.0.0:19132
2017-1-21 20:32:08 [INFO] 默认的游戏模式为：生存模式
2017-1-21 20:32:08 [INFO] 启动完成 (1.061s)！如需帮助，请输入 "help" 或 "?"
2017-1-21 20:32:34 [INFO] Mr_sky[/192.168.1.14:19132] 登入游戏，实体 ID 为 1，坐标位于 (world, 136.395, 64.0, 133.3714)
2017-1-21 20:32:35 [INFO] Mr_sky 加入了游戏
2017-1-21 20:32:57 [INFO] [20:32:57][world][创造][管理员]<Mr_sky> hn
2017-1-21 20:33:29 [INFO] Mr_sky 离开了游戏
2017-1-21 20:33:29 [INFO] Mr_sky[/192.168.1.14:19132] 登出游戏，原因： client disconnect
2017-1-21 20:34:39 [INFO] [CONSOLE: 正在关闭服务器]
2017-1-21 20:34:39 [INFO] 关闭中... Login v1.0.0
2017-1-21 20:34:39 [INFO] 关闭中... Mr_Chat v1.0.0
2017-1-21 20:34:39 [INFO] 插件正在卸载!
2017-1-21 20:34:39 [INFO] 正在移除地图 "world"
2017-1-21 20:34:39 [INFO] Stopping other threads
