2017-2-16 08:37:26 [INFO] Welcome! Please choose a language first!
2017-2-16 08:37:26 [INFO] eng => English
2017-2-16 08:37:26 [INFO] chs => 中文（简体）
2017-2-16 08:37:26 [INFO] cht => 中文（繁體）
2017-2-16 08:37:26 [INFO] jpn => 日本語
2017-2-16 08:37:26 [INFO] rus => Pyccĸий
2017-2-16 08:37:26 [INFO] spa => Español
2017-2-16 08:37:26 [INFO] pol => Polish
2017-2-16 08:37:26 [INFO] bra => Português-Brasil
2017-2-16 08:37:26 [INFO] kor => 한국어
2017-2-16 08:37:26 [INFO] ukr => Українська
2017-2-16 08:37:26 [INFO] deu => Deutsch
2017-2-16 08:37:31 [INFO] Loading nukkit.yml...
2017-2-16 08:37:31 [INFO] Loading server properties...
2017-2-16 08:37:31 [INFO] 将 中文(简体) (chs) 设定为基本语言
2017-2-16 08:37:31 [INFO] 正在启动支持 Minecraft: PE v1.0.0 版本的服务器
2017-2-16 08:37:31 [INFO] 正在启动服务器在 0.0.0.0:19132
2017-2-16 08:37:31 [INFO] 此服务器正在运行 Nukkit 1.0dev 版本 "蘋果(Apple)派(Pie)" (API 1.0.0)
2017-2-16 08:37:31 [INFO] Nukkit 根据 LGPL 许可发行
2017-2-16 08:37:32 [INFO] 读取中... Mr_Chat v1.1.0
2017-2-16 08:37:32 [NOTICE] 无法找到地图 "world"
2017-2-16 08:37:32 [INFO] nukkit.level.updating
2017-2-16 08:37:32 [INFO] 准备地图中... "world"
2017-2-16 08:37:32 [INFO] 开启中... Mr_Chat v1.1.0
2017-2-16 08:37:32 [INFO] 插件正在加载，作者Mr_sky，贴吧ID贱哥啊哈哈
2017-2-16 08:37:32 [INFO] 启动 GS4 状态监听器
2017-2-16 08:37:32 [INFO] 将 Query 端口设定为 19132
2017-2-16 08:37:32 [INFO] Query 运行在 0.0.0.0:19132
2017-2-16 08:37:32 [INFO] 默认的游戏模式为：生存模式
2017-2-16 08:37:32 [INFO] 启动完成 (6.068s)！如需帮助，请输入 "help" 或 "?"
2017-2-16 08:37:35 [INFO] [CONSOLE: 正在关闭服务器]
2017-2-16 08:37:35 [INFO] 关闭中... Mr_Chat v1.1.0
2017-2-16 08:37:35 [INFO] 插件正在卸载!
2017-2-16 08:37:35 [INFO] 正在移除地图 "world"
2017-2-16 08:37:35 [INFO] Stopping other threads
